
61. Printing statistics.

=== counter_up_dwn ===

   Number of wires:                126
   Number of wire bits:            141
   Number of public wires:           5
   Number of public wire bits:      20
   Number of memories:               0
   Number of memory bits:            0
   Number of processes:              0
   Number of cells:                137
     sky130_fd_sc_hd__a21bo_2        1
     sky130_fd_sc_hd__a21boi_2       2
     sky130_fd_sc_hd__a21o_2         2
     sky130_fd_sc_hd__a21oi_2        3
     sky130_fd_sc_hd__a22o_2         1
     sky130_fd_sc_hd__a2bb2o_2       4
     sky130_fd_sc_hd__a31o_2         2
     sky130_fd_sc_hd__and2_2         3
     sky130_fd_sc_hd__and3_2         1
     sky130_fd_sc_hd__and3b_2        1
     sky130_fd_sc_hd__buf_1         14
     sky130_fd_sc_hd__dfrtp_2       16
     sky130_fd_sc_hd__inv_2         19
     sky130_fd_sc_hd__mux2_2         9
     sky130_fd_sc_hd__nand2_2       12
     sky130_fd_sc_hd__nand3_2        1
     sky130_fd_sc_hd__nor2_2         7
     sky130_fd_sc_hd__o21a_2         4
     sky130_fd_sc_hd__o21ai_2        5
     sky130_fd_sc_hd__o21ba_2        1
     sky130_fd_sc_hd__o31ai_2        2
     sky130_fd_sc_hd__o41a_2         1
     sky130_fd_sc_hd__o41ai_2        1
     sky130_fd_sc_hd__or2_2          4
     sky130_fd_sc_hd__or3_2          1
     sky130_fd_sc_hd__or3b_2         1
     sky130_fd_sc_hd__xnor2_2        9
     sky130_fd_sc_hd__xor2_2        10

   Chip area for module '\counter_up_dwn': 1456.396800

